<?xml version="1.0" encoding="UTF-8"?>
<testng-results ignored="0" total="1" passed="1" failed="0" skipped="0">
  <reporter-output>
  </reporter-output>
  <suite started-at="2023-11-10T16:33:06 IST" name="Default suite" finished-at="2023-11-10T16:33:23 IST" duration-ms="16689">
    <groups>
    </groups>
    <test started-at="2023-11-10T16:33:06 IST" name="Default test" finished-at="2023-11-10T16:33:23 IST" duration-ms="16689">
      <class name="Testng.HRMDeleteUser">
        <test-method is-config="true" signature="InitialiseBrowser()[pri:0, instance:Testng.HRMDeleteUser@22ff4249]" started-at="2023-11-10T16:33:06 IST" name="InitialiseBrowser" finished-at="2023-11-10T16:33:09 IST" duration-ms="3080" status="PASS">
          <reporter-output>
          </reporter-output>
        </test-method> <!-- InitialiseBrowser -->
        <test-method signature="DeleteUser()[pri:0, instance:Testng.HRMDeleteUser@22ff4249]" started-at="2023-11-10T16:33:09 IST" name="DeleteUser" finished-at="2023-11-10T16:33:23 IST" duration-ms="13370" status="PASS">
          <reporter-output>
          </reporter-output>
        </test-method> <!-- DeleteUser -->
        <test-method is-config="true" signature="Teardown()[pri:0, instance:Testng.HRMDeleteUser@22ff4249]" started-at="2023-11-10T16:33:23 IST" name="Teardown" finished-at="2023-11-10T16:33:23 IST" duration-ms="158" status="PASS">
          <reporter-output>
          </reporter-output>
        </test-method> <!-- Teardown -->
      </class> <!-- Testng.HRMDeleteUser -->
    </test> <!-- Default test -->
  </suite> <!-- Default suite -->
</testng-results>
